<?xml version="1.0" encoding="UTF-8"?>
<coverage generated="1584044892762" clover="3.2.0">
  <project timestamp="1584044892764" name="All files">
    <metrics statements="3" coveredstatements="3" conditionals="0" coveredconditionals="0" methods="0" coveredmethods="0" elements="3" coveredelements="3" complexity="0" loc="3" ncloc="3" packages="1" files="2" classes="2"/>
    <file name="axios.js" path="F:\Reign\Dev\Server\util\axios.js">
      <metrics statements="2" coveredstatements="2" conditionals="0" coveredconditionals="0" methods="0" coveredmethods="0"/>
      <line num="1" count="1" type="stmt"/>
      <line num="2" count="1" type="stmt"/>
    </file>
    <file name="index.js" path="F:\Reign\Dev\Server\util\index.js">
      <metrics statements="1" coveredstatements="1" conditionals="0" coveredconditionals="0" methods="0" coveredmethods="0"/>
      <line num="1" count="1" type="stmt"/>
    </file>
  </project>
</coverage>
