{"F:\\Reign\\Dev\\Server\\util\\axios.js": {"path":"F:\\Reign\\Dev\\Server\\util\\axios.js","statementMap":{"0":{"start":{"line":1,"column":14},"end":{"line":1,"column":38}},"1":{"start":{"line":2,"column":0},"end":{"line":4,"column":3}}},"fnMap":{},"branchMap":{},"s":{"0":1,"1":1},"f":{},"b":{},"_coverageSchema":"1a1c01bbd47fc00a2c39e90264f33305004495a9","hash":"4aba3dcaa9bcab3ce5589d7e14651e221912016e"}
,"F:\\Reign\\Dev\\Server\\util\\index.js": {"path":"F:\\Reign\\Dev\\Server\\util\\index.js","statementMap":{"0":{"start":{"line":1,"column":0},"end":{"line":3,"column":4}}},"fnMap":{},"branchMap":{},"s":{"0":1},"f":{},"b":{},"_coverageSchema":"1a1c01bbd47fc00a2c39e90264f33305004495a9","hash":"6bae38422cb9175926648231a510a53f471baef2"}
}
